drocon-apk-meta/app/build/intermediates/manifest_merge_blame_file/release/processReleaseMainManifest/manifest-merger-blame-release-report.txt
1<?xml version="1.0" encoding="utf-8"?>
2<!-- Copyright (c) Meta Platforms, Inc. and affiliates. -->
3<!--
4    Copyright 2019 Google Inc. All Rights Reserved.
5
6     Licensed under the Apache License, Version 2.0 (the "License");
7     you may not use this file except in compliance with the License.
8     You may obtain a copy of the License at
9
10         http://www.apache.org/licenses/LICENSE-2.0
11
12     Unless required by applicable law or agreed to in writing, software
13     distributed under the License is distributed on an "AS IS" BASIS,
14     WITHOUT WARRANTIES OR CONDITIONS OF ANY KIND, either express or implied.
15     See the License for the specific language governing permissions and
16     limitations under the License.
17-->
18<!--
19 The "package" attribute is rewritten by the Gradle build with the value of applicationId.
20     It is still required here, as it is used to derive paths, for instance when referring
21     to an Activity by ".MyActivity" instead of the full name. If more Activities are added to the
22     application, the package attribute will need to reflect the correct path in order to use
23     the abbreviated format.
24-->
25<manifest xmlns:android="http://schemas.android.com/apk/res/android"
26    package="com.bb999.drocon"
27    android:versionCode="1"
28    android:versionName="1" >
29
30    <uses-sdk
31        android:minSdkVersion="23"
32        android:targetSdkVersion="32" />
33
34    <uses-permission android:name="android.permission.POST_NOTIFICATIONS" />
34-->src/main/AndroidManifest.xml:27:9-80
34-->src/main/AndroidManifest.xml:27:26-78
35    <uses-permission android:name="com.oculus.permission.HAND_TRACKING" />
35-->src/main/AndroidManifest.xml:35:5-75
35-->src/main/AndroidManifest.xml:35:22-72
36
37    <uses-feature
37-->src/main/AndroidManifest.xml:41:5-44:31
38        android:name="android.hardware.vr.headtracking"
38-->src/main/AndroidManifest.xml:42:9-56
39        android:required="false"
39-->src/main/AndroidManifest.xml:43:9-33
40        android:version="1" />
40-->src/main/AndroidManifest.xml:44:9-28
41    <uses-feature
41-->src/main/AndroidManifest.xml:46:5-48:36
42        android:name="oculus.software.handtracking"
42-->src/main/AndroidManifest.xml:47:9-52
43        android:required="false" />
43-->src/main/AndroidManifest.xml:48:9-33
44
45    <queries>
45-->[com.meta.androidbrowserhelper:androidbrowserhelper:2.5.0] AndroidManifest.xml:26:5-34:15
46        <intent>
46-->[com.meta.androidbrowserhelper:androidbrowserhelper:2.5.0] AndroidManifest.xml:27:9-33:18
47            <action android:name="android.intent.action.VIEW" />
47-->src/main/AndroidManifest.xml:172:17-68
47-->src/main/AndroidManifest.xml:172:25-66
48
49            <category android:name="android.intent.category.BROWSABLE" />
49-->src/main/AndroidManifest.xml:174:17-77
49-->src/main/AndroidManifest.xml:174:27-75
50
51            <data android:scheme="https" />
51-->src/main/AndroidManifest.xml:175:17-180:19
51-->src/main/AndroidManifest.xml:175:23-45
52        </intent>
53    </queries>
54
55    <application
55-->src/main/AndroidManifest.xml:51:5-225:19
56        android:name="com.bb999.drocon.Application"
56-->src/main/AndroidManifest.xml:52:9-35
57        android:allowBackup="true"
57-->src/main/AndroidManifest.xml:53:9-35
58        android:appComponentFactory="androidx.core.app.CoreComponentFactory"
58-->[androidx.core:core:1.1.0] AndroidManifest.xml:24:18-86
59        android:extractNativeLibs="false"
60        android:icon="@mipmap/ic_launcher"
60-->src/main/AndroidManifest.xml:54:9-43
61        android:label="@string/appName"
61-->src/main/AndroidManifest.xml:55:9-40
62        android:manageSpaceActivity="com.meta.androidbrowserhelper.trusted.ManageDataLauncherActivity"
62-->src/main/AndroidManifest.xml:57:9-103
63        android:supportsRtl="true"
63-->src/main/AndroidManifest.xml:59:9-35
64        android:theme="@android:style/Theme.Translucent.NoTitleBar" >
64-->src/main/AndroidManifest.xml:60:9-68
65        <meta-data
65-->src/main/AndroidManifest.xml:62:9-64:58
66            android:name="asset_statements"
66-->src/main/AndroidManifest.xml:63:13-44
67            android:resource="@string/assetStatements" />
67-->src/main/AndroidManifest.xml:64:13-55
68
69        <!-- Temporarily remove this for Quest as it would launch the old style PWA -->
70
71        <meta-data
71-->src/main/AndroidManifest.xml:69:9-71:52
72            android:name="twa_generator"
72-->src/main/AndroidManifest.xml:70:13-41
73            android:value="@string/generatorApp" />
73-->src/main/AndroidManifest.xml:71:13-49
74        <meta-data
74-->src/main/AndroidManifest.xml:76:13-78:39
75            android:name="com.meta.horizon.platform.ovr.OCULUS_APP_ID"
75-->src/main/AndroidManifest.xml:77:17-75
76            android:value="\ 0" />
76-->src/main/AndroidManifest.xml:78:17-36
77
78        <!-- This allows seamless AR to AR transitions -->
79
80        <activity android:name="com.meta.androidbrowserhelper.trusted.ManageDataLauncherActivity" >
80-->src/main/AndroidManifest.xml:85:13-89:24
80-->src/main/AndroidManifest.xml:85:23-102
81            <meta-data
81-->src/main/AndroidManifest.xml:86:13-88:53
82                android:name="android.support.customtabs.trusted.MANAGE_SPACE_URL"
82-->src/main/AndroidManifest.xml:87:17-83
83                android:value="@string/launchUrl" />
83-->src/main/AndroidManifest.xml:88:17-50
84        </activity>
85        <activity
85-->src/main/AndroidManifest.xml:92:9-184:20
86            android:name="com.bb999.drocon.LauncherActivity"
86-->src/main/AndroidManifest.xml:92:19-50
87            android:alwaysRetainTaskState="true"
87-->src/main/AndroidManifest.xml:93:13-49
88            android:exported="true"
88-->src/main/AndroidManifest.xml:96:13-36
89            android:label="@string/launcherName" >
89-->src/main/AndroidManifest.xml:94:13-49
90            <meta-data
90-->src/main/AndroidManifest.xml:97:13-98:53
91                android:name="android.support.customtabs.trusted.DEFAULT_URL"
91-->src/main/AndroidManifest.xml:97:24-85
92                android:value="@string/launchUrl" />
92-->src/main/AndroidManifest.xml:98:17-50
93            <meta-data
93-->src/main/AndroidManifest.xml:100:13-102:58
94                android:name="android.support.customtabs.trusted.STATUS_BAR_COLOR"
94-->src/main/AndroidManifest.xml:101:17-83
95                android:resource="@color/colorPrimary" />
95-->src/main/AndroidManifest.xml:102:17-55
96            <meta-data
96-->src/main/AndroidManifest.xml:104:13-106:62
97                android:name="android.support.customtabs.trusted.STATUS_BAR_COLOR_DARK"
97-->src/main/AndroidManifest.xml:105:17-88
98                android:resource="@color/colorPrimaryDark" />
98-->src/main/AndroidManifest.xml:106:17-59
99            <meta-data
99-->src/main/AndroidManifest.xml:108:13-110:61
100                android:name="android.support.customtabs.trusted.NAVIGATION_BAR_COLOR"
100-->src/main/AndroidManifest.xml:109:17-87
101                android:resource="@color/navigationColor" />
101-->src/main/AndroidManifest.xml:110:17-58
102            <meta-data
102-->src/main/AndroidManifest.xml:112:13-114:65
103                android:name="android.support.customtabs.trusted.NAVIGATION_BAR_COLOR_DARK"
103-->src/main/AndroidManifest.xml:113:17-92
104                android:resource="@color/navigationColorDark" />
104-->src/main/AndroidManifest.xml:114:17-62
105            <meta-data
105-->src/main/AndroidManifest.xml:116:13-118:68
106                android:name="androix.browser.trusted.NAVIGATION_BAR_DIVIDER_COLOR"
106-->src/main/AndroidManifest.xml:117:17-84
107                android:resource="@color/navigationDividerColor" />
107-->src/main/AndroidManifest.xml:118:17-65
108            <meta-data
108-->src/main/AndroidManifest.xml:120:13-122:72
109                android:name="androix.browser.trusted.NAVIGATION_BAR_DIVIDER_COLOR_DARK"
109-->src/main/AndroidManifest.xml:121:17-89
110                android:resource="@color/navigationDividerColorDark" />
110-->src/main/AndroidManifest.xml:122:17-69
111            <meta-data
111-->src/main/AndroidManifest.xml:124:13-125:54
112                android:name="android.support.customtabs.trusted.SPLASH_IMAGE_DRAWABLE"
112-->src/main/AndroidManifest.xml:124:24-95
113                android:resource="@drawable/splash" />
113-->src/main/AndroidManifest.xml:125:17-52
114            <meta-data
114-->src/main/AndroidManifest.xml:127:13-128:60
115                android:name="android.support.customtabs.trusted.SPLASH_SCREEN_BACKGROUND_COLOR"
115-->src/main/AndroidManifest.xml:127:24-104
116                android:resource="@color/backgroundColor" />
116-->src/main/AndroidManifest.xml:128:17-58
117            <meta-data
117-->src/main/AndroidManifest.xml:130:13-131:71
118                android:name="android.support.customtabs.trusted.SPLASH_SCREEN_FADE_OUT_DURATION"
118-->src/main/AndroidManifest.xml:130:24-105
119                android:value="@integer/splashScreenFadeOutDuration" />
119-->src/main/AndroidManifest.xml:131:17-69
120            <meta-data
120-->src/main/AndroidManifest.xml:133:13-134:60
121                android:name="android.support.customtabs.trusted.FILE_PROVIDER_AUTHORITY"
121-->src/main/AndroidManifest.xml:133:24-97
122                android:value="@string/providerAuthority" />
122-->src/main/AndroidManifest.xml:134:17-58
123            <meta-data
123-->src/main/AndroidManifest.xml:136:13-97
124                android:name="android.app.shortcuts"
124-->src/main/AndroidManifest.xml:136:24-60
125                android:resource="@xml/shortcuts" />
125-->src/main/AndroidManifest.xml:136:61-94
126            <meta-data
126-->src/main/AndroidManifest.xml:138:13-139:56
127                android:name="android.support.customtabs.trusted.FALLBACK_STRATEGY"
127-->src/main/AndroidManifest.xml:138:24-91
128                android:value="@string/fallbackType" />
128-->src/main/AndroidManifest.xml:139:17-53
129            <meta-data
129-->src/main/AndroidManifest.xml:142:17-144:64
130                android:name="horizonos.pwa.APP_MODE"
130-->src/main/AndroidManifest.xml:143:21-58
131                android:value="@string/horizonOSAppMode" />
131-->src/main/AndroidManifest.xml:144:21-61
132            <meta-data
132-->src/main/AndroidManifest.xml:146:21-147:49
133                android:name="com.oculus.vrshell.uses_secure_layer"
133-->src/main/AndroidManifest.xml:146:32-83
134                android:value="secure" />
134-->src/main/AndroidManifest.xml:147:25-47
135            <meta-data
135-->src/main/AndroidManifest.xml:155:13-156:54
136                android:name="android.support.customtabs.trusted.SCREEN_ORIENTATION"
136-->src/main/AndroidManifest.xml:155:24-92
137                android:value="@string/orientation" />
137-->src/main/AndroidManifest.xml:156:17-52
138
139            <intent-filter>
139-->src/main/AndroidManifest.xml:162:13-169:29
140                <action android:name="android.intent.action.MAIN" />
140-->src/main/AndroidManifest.xml:163:17-69
140-->src/main/AndroidManifest.xml:163:25-66
141
142                <category android:name="android.intent.category.LAUNCHER" />
142-->src/main/AndroidManifest.xml:164:17-77
142-->src/main/AndroidManifest.xml:164:27-74
143                <category android:name="com.oculus.intent.category.2D" />
143-->src/main/AndroidManifest.xml:167:21-78
143-->src/main/AndroidManifest.xml:167:31-75
144            </intent-filter>
145            <intent-filter android:autoVerify="true" >
145-->src/main/AndroidManifest.xml:171:13-181:29
145-->src/main/AndroidManifest.xml:171:28-53
146                <action android:name="android.intent.action.VIEW" />
146-->src/main/AndroidManifest.xml:172:17-68
146-->src/main/AndroidManifest.xml:172:25-66
147
148                <category android:name="android.intent.category.DEFAULT" />
148-->src/main/AndroidManifest.xml:173:17-76
148-->src/main/AndroidManifest.xml:173:27-73
149                <category android:name="android.intent.category.BROWSABLE" />
149-->src/main/AndroidManifest.xml:174:17-77
149-->src/main/AndroidManifest.xml:174:27-75
150
151                <data
151-->src/main/AndroidManifest.xml:175:17-180:19
152                    android:host="@string/hostName"
152-->src/main/AndroidManifest.xml:176:21-52
153                    android:pathPrefix="/drone-copter/"
153-->src/main/AndroidManifest.xml:178:21-56
154                    android:scheme="https" />
154-->src/main/AndroidManifest.xml:175:23-45
155            </intent-filter>
156        </activity>
157        <activity android:name="com.meta.androidbrowserhelper.trusted.FocusActivity" />
157-->src/main/AndroidManifest.xml:186:9-88
157-->src/main/AndroidManifest.xml:186:19-85
158        <activity
158-->src/main/AndroidManifest.xml:188:9-189:62
159            android:name="com.meta.androidbrowserhelper.trusted.WebViewFallbackActivity"
159-->src/main/AndroidManifest.xml:188:19-95
160            android:configChanges="orientation|screenSize" />
160-->src/main/AndroidManifest.xml:189:13-59
161
162        <provider
162-->src/main/AndroidManifest.xml:191:9-199:20
163            android:name="androidx.core.content.FileProvider"
163-->src/main/AndroidManifest.xml:192:13-62
164            android:authorities="@string/providerAuthority"
164-->src/main/AndroidManifest.xml:193:13-60
165            android:exported="false"
165-->src/main/AndroidManifest.xml:195:13-37
166            android:grantUriPermissions="true" >
166-->src/main/AndroidManifest.xml:194:13-47
167            <meta-data
167-->src/main/AndroidManifest.xml:196:13-198:53
168                android:name="android.support.FILE_PROVIDER_PATHS"
168-->src/main/AndroidManifest.xml:197:17-67
169                android:resource="@xml/filepaths" />
169-->src/main/AndroidManifest.xml:198:17-50
170        </provider>
171
172        <service
172-->src/main/AndroidManifest.xml:201:9-216:19
173            android:name="com.bb999.drocon.DelegationService"
173-->src/main/AndroidManifest.xml:202:13-46
174            android:enabled="@bool/enableNotification"
174-->src/main/AndroidManifest.xml:203:13-55
175            android:exported="@bool/enableNotification" >
175-->src/main/AndroidManifest.xml:204:13-56
176            <meta-data
176-->src/main/AndroidManifest.xml:207:17-209:73
177                android:name="android.support.customtabs.trusted.SMALL_ICON"
177-->src/main/AndroidManifest.xml:208:21-81
178                android:resource="@drawable/ic_notification_icon" />
178-->src/main/AndroidManifest.xml:209:21-70
179
180            <intent-filter>
180-->src/main/AndroidManifest.xml:212:13-215:29
181                <action android:name="android.support.customtabs.trusted.TRUSTED_WEB_ACTIVITY_SERVICE" />
181-->src/main/AndroidManifest.xml:213:17-105
181-->src/main/AndroidManifest.xml:213:25-103
182
183                <category android:name="android.intent.category.DEFAULT" />
183-->src/main/AndroidManifest.xml:173:17-76
183-->src/main/AndroidManifest.xml:173:27-73
184            </intent-filter>
185        </service>
186
187        <activity android:name="com.meta.androidbrowserhelper.trusted.NotificationPermissionRequestActivity" />
187-->src/main/AndroidManifest.xml:219:13-116
187-->src/main/AndroidManifest.xml:219:23-113
188    </application>
189
190</manifest>